<?xml version="1.0" encoding="UTF-8"?>
<testng-results ignored="3" total="6" passed="3" failed="0" skipped="0">
  <reporter-output>
  </reporter-output>
  <suite started-at="2024-11-19T00:24:02 IST" name="Gradle suite" finished-at="2024-11-19T00:25:18 IST" duration-ms="75206">
    <groups>
    </groups>
    <test started-at="2024-11-19T00:24:02 IST" name="Gradle test" finished-at="2024-11-19T00:25:18 IST" duration-ms="75206">
      <class name="qtriptest.tests.testCase_01">
        <test-method is-config="true" signature="createDriver()[pri:0, instance:qtriptest.tests.testCase_01@437da279]" started-at="2024-11-19T00:23:59 IST" name="createDriver" finished-at="2024-11-19T00:24:02 IST" duration-ms="3278" status="PASS">
          <reporter-output>
          </reporter-output>
        </test-method> <!-- createDriver -->
        <test-method signature="TestCase01(java.lang.String,java.lang.String)[pri:0, instance:qtriptest.tests.testCase_01@437da279]" started-at="2024-11-19T00:24:05 IST" name="TestCase01" description="Registration and Login flow" data-provider="qtripData" finished-at="2024-11-19T00:24:29 IST" duration-ms="24274" status="PASS">
          <params>
            <param index="0">
              <value>
                <![CDATA[testuser@gmail.com]]>
              </value>
            </param>
            <param index="1">
              <value>
                <![CDATA[abc@123]]>
              </value>
            </param>
          </params>
          <reporter-output>
          </reporter-output>
        </test-method> <!-- TestCase01 -->
        <test-method signature="TestCase01(java.lang.String,java.lang.String)[pri:0, instance:qtriptest.tests.testCase_01@437da279]" started-at="2024-11-19T00:24:29 IST" name="TestCase01" description="Registration and Login flow" data-provider="qtripData" finished-at="2024-11-19T00:24:54 IST" duration-ms="24041" status="PASS">
          <params>
            <param index="0">
              <value>
                <![CDATA[TESTUSER@gmail.com]]>
              </value>
            </param>
            <param index="1">
              <value>
                <![CDATA[123456.0]]>
              </value>
            </param>
          </params>
          <reporter-output>
          </reporter-output>
        </test-method> <!-- TestCase01 -->
        <test-method signature="TestCase01(java.lang.String,java.lang.String)[pri:0, instance:qtriptest.tests.testCase_01@437da279]" started-at="2024-11-19T00:24:54 IST" name="TestCase01" description="Registration and Login flow" data-provider="qtripData" finished-at="2024-11-19T00:25:18 IST" duration-ms="24150" status="PASS">
          <params>
            <param index="0">
              <value>
                <![CDATA[123_USER_low@gmail.com]]>
              </value>
            </param>
            <param index="1">
              <value>
                <![CDATA[QWERTY!!!!]]>
              </value>
            </param>
          </params>
          <reporter-output>
          </reporter-output>
        </test-method> <!-- TestCase01 -->
        <test-method is-config="true" signature="quitDriver()[pri:0, instance:qtriptest.tests.testCase_01@437da279]" started-at="2024-11-19T00:25:18 IST" name="quitDriver" finished-at="2024-11-19T00:25:18 IST" duration-ms="211" status="PASS">
          <reporter-output>
          </reporter-output>
        </test-method> <!-- quitDriver -->
      </class> <!-- qtriptest.tests.testCase_01 -->
    </test> <!-- Gradle test -->
  </suite> <!-- Gradle suite -->
</testng-results>
